<?xml version="1.0" encoding="UTF-8"?>
<!-- Generated by org.testng.reporters.JUnitReportReporter -->
<testsuite hostname="LAPTOP-J0DQASSG" failures="0" tests="2" name="in.amazon.testCases.TC003" time="0.020" errors="0" timestamp="1 Dec 2019 05:28:51 GMT">
  <testcase classname="in.amazon.testCases.TC003" name="a" time="0.018"/>
  <testcase classname="in.amazon.testCases.TC003" name="f" time="0.002"/>
</testsuite> <!-- in.amazon.testCases.TC003 -->
