<?xml version="1.0" encoding="UTF-8"?>
<!-- Generated by org.testng.reporters.JUnitReportReporter -->
<testsuite hostname="LAPTOP-J0DQASSG" failures="0" tests="1" name="in.amazon.testCases.TC001" time="82.197" errors="0" timestamp="24 Dec 2019 13:02:26 GMT">
  <testcase classname="in.amazon.testCases.TC001" name="laptop" time="82.197"/>
</testsuite> <!-- in.amazon.testCases.TC001 -->
