<?xml version="1.0" encoding="UTF-8"?>
<!-- Generated by org.testng.reporters.JUnitReportReporter -->
<testsuite hostname="LAPTOP-J0DQASSG" failures="0" tests="3" name="in.amazon.testCases.TC002" time="15.724" errors="0" timestamp="22 Dec 2019 05:19:02 GMT">
  <testcase classname="in.amazon.testCases.TC002" name="Step3" time="0.531"/>
  <testcase classname="in.amazon.testCases.TC002" name="Step2" time="10.455"/>
  <testcase classname="in.amazon.testCases.TC002" name="Step1" time="4.738"/>
</testsuite> <!-- in.amazon.testCases.TC002 -->
